Using pre-set license
Built from '2020.3/staging' branch; Version is '2020.3.24f1 (79c78de19888) revision 7980941'; Using compiler version '192528614'; Build Type 'Release'
OS: 'Windows 10  (10.0.19044) 64bit Core' Language: 'en' Physical Memory: 8082 MB
BatchMode: 1, IsHumanControllingUs: 0, StartBugReporterOnCrash: 0, Is64bit: 1, IsPro: 0

COMMAND LINE ARGUMENTS:
C:\Program Files\Unity\Hub\Editor\2020.3.24f1\Editor\Unity.exe
-adb2
-batchMode
-noUpm
-name
AssetImportWorker2
-projectPath
C:/Users/Guy/Desktop/Gitfiles/Rolll-A-Ball/Roll A Ball
-logFile
Logs/AssetImportWorker2.log
-srvPort
53410
Successfully changed project path to: C:/Users/Guy/Desktop/Gitfiles/Rolll-A-Ball/Roll A Ball
C:/Users/Guy/Desktop/Gitfiles/Rolll-A-Ball/Roll A Ball
Using Asset Import Pipeline V2.
